I, [2016-05-01T17:34:12.856715 #78879]  INFO -- : Started GET "/" for ::1 at 2016-05-01 17:34:12 -0500
I, [2016-05-01T17:34:12.865546 #78879]  INFO -- : Processing by PostsController#index as HTML
D, [2016-05-01T17:34:12.877097 #78879] DEBUG -- :   [1m[36mPost Load (0.3ms)[0m  [1mSELECT "posts".* FROM "posts"  ORDER BY created_at DESC[0m
I, [2016-05-01T17:34:12.878542 #78879]  INFO -- :   Rendered posts/index.html.erb within layouts/application (2.3ms)
I, [2016-05-01T17:34:12.878766 #78879]  INFO -- : Completed 500 Internal Server Error in 13ms (ActiveRecord: 0.3ms)
F, [2016-05-01T17:34:12.880353 #78879] FATAL -- : 
ActionView::Template::Error (SQLite3::SQLException: no such table: posts: SELECT "posts".* FROM "posts"  ORDER BY created_at DESC):
    1: <% @posts.each do |post| %>
    2: 
    3: <div class="post_wrapper">
    4:   <!-- Creates href on post.title and takes you to that posts page post/:id -->
  app/views/posts/index.html.erb:1:in `_app_views_posts_index_html_erb___138738407712144109_70137574563660'


I, [2016-05-01T17:34:12.925196 #78879]  INFO -- : Started GET "/favicon.ico" for ::1 at 2016-05-01 17:34:12 -0500
F, [2016-05-01T17:34:12.925835 #78879] FATAL -- : 
ActionController::RoutingError (No route matches [GET] "/favicon.ico"):
  actionpack (4.2.6) lib/action_dispatch/middleware/debug_exceptions.rb:21:in `call'
  actionpack (4.2.6) lib/action_dispatch/middleware/show_exceptions.rb:30:in `call'
  railties (4.2.6) lib/rails/rack/logger.rb:38:in `call_app'
  railties (4.2.6) lib/rails/rack/logger.rb:20:in `block in call'
  activesupport (4.2.6) lib/active_support/tagged_logging.rb:68:in `block in tagged'
  activesupport (4.2.6) lib/active_support/tagged_logging.rb:26:in `tagged'
  activesupport (4.2.6) lib/active_support/tagged_logging.rb:68:in `tagged'
  railties (4.2.6) lib/rails/rack/logger.rb:20:in `call'
  actionpack (4.2.6) lib/action_dispatch/middleware/request_id.rb:21:in `call'
  rack (1.6.4) lib/rack/methodoverride.rb:22:in `call'
  rack (1.6.4) lib/rack/runtime.rb:18:in `call'
  activesupport (4.2.6) lib/active_support/cache/strategy/local_cache_middleware.rb:28:in `call'
  rack (1.6.4) lib/rack/sendfile.rb:113:in `call'
  railties (4.2.6) lib/rails/engine.rb:518:in `call'
  railties (4.2.6) lib/rails/application.rb:165:in `call'
  rack (1.6.4) lib/rack/lock.rb:17:in `call'
  rack (1.6.4) lib/rack/content_length.rb:15:in `call'
  rack (1.6.4) lib/rack/handler/webrick.rb:88:in `service'
  /Users/DBC/.rbenv/versions/2.2.1/lib/ruby/2.2.0/webrick/httpserver.rb:138:in `service'
  /Users/DBC/.rbenv/versions/2.2.1/lib/ruby/2.2.0/webrick/httpserver.rb:94:in `run'
  /Users/DBC/.rbenv/versions/2.2.1/lib/ruby/2.2.0/webrick/server.rb:294:in `block in start_thread'


I, [2016-05-01T17:34:15.747783 #78879]  INFO -- : Started GET "/" for ::1 at 2016-05-01 17:34:15 -0500
I, [2016-05-01T17:34:15.748427 #78879]  INFO -- : Processing by PostsController#index as HTML
D, [2016-05-01T17:34:15.749500 #78879] DEBUG -- :   [1m[35mPost Load (0.2ms)[0m  SELECT "posts".* FROM "posts"  ORDER BY created_at DESC
I, [2016-05-01T17:34:15.750328 #78879]  INFO -- :   Rendered posts/index.html.erb within layouts/application (1.2ms)
I, [2016-05-01T17:34:15.750442 #78879]  INFO -- : Completed 500 Internal Server Error in 2ms (ActiveRecord: 0.2ms)
F, [2016-05-01T17:34:15.751353 #78879] FATAL -- : 
ActionView::Template::Error (SQLite3::SQLException: no such table: posts: SELECT "posts".* FROM "posts"  ORDER BY created_at DESC):
    1: <% @posts.each do |post| %>
    2: 
    3: <div class="post_wrapper">
    4:   <!-- Creates href on post.title and takes you to that posts page post/:id -->
  app/views/posts/index.html.erb:1:in `_app_views_posts_index_html_erb___138738407712144109_70137574563660'


I, [2016-05-01T17:34:59.523915 #78879]  INFO -- : Started GET "/" for ::1 at 2016-05-01 17:34:59 -0500
I, [2016-05-01T17:34:59.524537 #78879]  INFO -- : Processing by PostsController#index as HTML
D, [2016-05-01T17:34:59.525663 #78879] DEBUG -- :   [1m[36mPost Load (0.2ms)[0m  [1mSELECT "posts".* FROM "posts"  ORDER BY created_at DESC[0m
I, [2016-05-01T17:34:59.526643 #78879]  INFO -- :   Rendered posts/index.html.erb within layouts/application (1.4ms)
I, [2016-05-01T17:34:59.526751 #78879]  INFO -- : Completed 500 Internal Server Error in 2ms (ActiveRecord: 0.2ms)
F, [2016-05-01T17:34:59.527747 #78879] FATAL -- : 
ActionView::Template::Error (SQLite3::SQLException: no such table: posts: SELECT "posts".* FROM "posts"  ORDER BY created_at DESC):
    1: <% @posts.each do |post| %>
    2: 
    3: <div class="post_wrapper">
    4:   <!-- Creates href on post.title and takes you to that posts page post/:id -->
  app/views/posts/index.html.erb:1:in `_app_views_posts_index_html_erb___138738407712144109_70137574563660'


I, [2016-05-01T17:35:11.195704 #78923]  INFO -- : Started GET "/" for ::1 at 2016-05-01 17:35:11 -0500
I, [2016-05-01T17:35:11.202621 #78923]  INFO -- : Processing by PostsController#index as HTML
D, [2016-05-01T17:35:11.215471 #78923] DEBUG -- :   [1m[36mPost Load (0.2ms)[0m  [1mSELECT "posts".* FROM "posts"  ORDER BY created_at DESC[0m
I, [2016-05-01T17:35:11.216499 #78923]  INFO -- :   Rendered posts/index.html.erb within layouts/application (2.0ms)
I, [2016-05-01T17:35:11.216615 #78923]  INFO -- : Completed 500 Internal Server Error in 14ms (ActiveRecord: 0.2ms)
F, [2016-05-01T17:35:11.217516 #78923] FATAL -- : 
ActionView::Template::Error (SQLite3::SQLException: no such table: posts: SELECT "posts".* FROM "posts"  ORDER BY created_at DESC):
    1: <% @posts.each do |post| %>
    2: 
    3: <div class="post_wrapper">
    4:   <!-- Creates href on post.title and takes you to that posts page post/:id -->
  app/views/posts/index.html.erb:1:in `_app_views_posts_index_html_erb__986325635830376863_70296975299460'


I, [2016-05-01T17:35:15.987416 #78923]  INFO -- : Started GET "/" for ::1 at 2016-05-01 17:35:15 -0500
I, [2016-05-01T17:35:15.988042 #78923]  INFO -- : Processing by PostsController#index as HTML
D, [2016-05-01T17:35:15.989123 #78923] DEBUG -- :   [1m[35mPost Load (0.2ms)[0m  SELECT "posts".* FROM "posts"  ORDER BY created_at DESC
I, [2016-05-01T17:35:15.989973 #78923]  INFO -- :   Rendered posts/index.html.erb within layouts/application (1.2ms)
I, [2016-05-01T17:35:15.990066 #78923]  INFO -- : Completed 500 Internal Server Error in 2ms (ActiveRecord: 0.2ms)
F, [2016-05-01T17:35:15.990962 #78923] FATAL -- : 
ActionView::Template::Error (SQLite3::SQLException: no such table: posts: SELECT "posts".* FROM "posts"  ORDER BY created_at DESC):
    1: <% @posts.each do |post| %>
    2: 
    3: <div class="post_wrapper">
    4:   <!-- Creates href on post.title and takes you to that posts page post/:id -->
  app/views/posts/index.html.erb:1:in `_app_views_posts_index_html_erb__986325635830376863_70296975299460'


I, [2016-05-01T17:35:28.681683 #78923]  INFO -- : Started GET "/" for ::1 at 2016-05-01 17:35:28 -0500
I, [2016-05-01T17:35:28.682258 #78923]  INFO -- : Processing by PostsController#index as HTML
D, [2016-05-01T17:35:28.683209 #78923] DEBUG -- :   [1m[36mPost Load (0.2ms)[0m  [1mSELECT "posts".* FROM "posts"  ORDER BY created_at DESC[0m
I, [2016-05-01T17:35:28.684190 #78923]  INFO -- :   Rendered posts/index.html.erb within layouts/application (1.3ms)
I, [2016-05-01T17:35:28.684312 #78923]  INFO -- : Completed 500 Internal Server Error in 2ms (ActiveRecord: 0.2ms)
F, [2016-05-01T17:35:28.685342 #78923] FATAL -- : 
ActionView::Template::Error (SQLite3::SQLException: no such table: posts: SELECT "posts".* FROM "posts"  ORDER BY created_at DESC):
    1: <% @posts.each do |post| %>
    2: 
    3: <div class="post_wrapper">
    4:   <!-- Creates href on post.title and takes you to that posts page post/:id -->
  app/views/posts/index.html.erb:1:in `_app_views_posts_index_html_erb__986325635830376863_70296975299460'


I, [2016-05-01T17:35:34.955066 #78958]  INFO -- : Started GET "/" for ::1 at 2016-05-01 17:35:34 -0500
I, [2016-05-01T17:35:34.961240 #78958]  INFO -- : Processing by PostsController#index as HTML
D, [2016-05-01T17:35:34.974601 #78958] DEBUG -- :   [1m[36mPost Load (0.3ms)[0m  [1mSELECT "posts".* FROM "posts"  ORDER BY created_at DESC[0m
I, [2016-05-01T17:35:34.975739 #78958]  INFO -- :   Rendered posts/index.html.erb within layouts/application (2.3ms)
I, [2016-05-01T17:35:34.975866 #78958]  INFO -- : Completed 500 Internal Server Error in 15ms (ActiveRecord: 0.3ms)
F, [2016-05-01T17:35:34.976797 #78958] FATAL -- : 
ActionView::Template::Error (SQLite3::SQLException: no such table: posts: SELECT "posts".* FROM "posts"  ORDER BY created_at DESC):
    1: <% @posts.each do |post| %>
    2: 
    3: <div class="post_wrapper">
    4:   <!-- Creates href on post.title and takes you to that posts page post/:id -->
  app/views/posts/index.html.erb:1:in `_app_views_posts_index_html_erb___3024554778928962749_70197766295540'


I, [2016-05-01T17:35:49.354996 #78958]  INFO -- : Started GET "/" for ::1 at 2016-05-01 17:35:49 -0500
I, [2016-05-01T17:35:49.355655 #78958]  INFO -- : Processing by PostsController#index as HTML
D, [2016-05-01T17:35:49.356735 #78958] DEBUG -- :   [1m[35mPost Load (0.2ms)[0m  SELECT "posts".* FROM "posts"  ORDER BY created_at DESC
I, [2016-05-01T17:35:49.357632 #78958]  INFO -- :   Rendered posts/index.html.erb within layouts/application (1.3ms)
I, [2016-05-01T17:35:49.357739 #78958]  INFO -- : Completed 500 Internal Server Error in 2ms (ActiveRecord: 0.2ms)
F, [2016-05-01T17:35:49.358650 #78958] FATAL -- : 
ActionView::Template::Error (SQLite3::SQLException: no such table: posts: SELECT "posts".* FROM "posts"  ORDER BY created_at DESC):
    1: <% @posts.each do |post| %>
    2: 
    3: <div class="post_wrapper">
    4:   <!-- Creates href on post.title and takes you to that posts page post/:id -->
  app/views/posts/index.html.erb:1:in `_app_views_posts_index_html_erb___3024554778928962749_70197766295540'


I, [2016-05-01T17:35:50.917491 #78958]  INFO -- : Started GET "/" for ::1 at 2016-05-01 17:35:50 -0500
I, [2016-05-01T17:35:50.918045 #78958]  INFO -- : Processing by PostsController#index as HTML
D, [2016-05-01T17:35:50.919113 #78958] DEBUG -- :   [1m[36mPost Load (0.2ms)[0m  [1mSELECT "posts".* FROM "posts"  ORDER BY created_at DESC[0m
I, [2016-05-01T17:35:50.920086 #78958]  INFO -- :   Rendered posts/index.html.erb within layouts/application (1.4ms)
I, [2016-05-01T17:35:50.920248 #78958]  INFO -- : Completed 500 Internal Server Error in 2ms (ActiveRecord: 0.2ms)
F, [2016-05-01T17:35:50.921222 #78958] FATAL -- : 
ActionView::Template::Error (SQLite3::SQLException: no such table: posts: SELECT "posts".* FROM "posts"  ORDER BY created_at DESC):
    1: <% @posts.each do |post| %>
    2: 
    3: <div class="post_wrapper">
    4:   <!-- Creates href on post.title and takes you to that posts page post/:id -->
  app/views/posts/index.html.erb:1:in `_app_views_posts_index_html_erb___3024554778928962749_70197766295540'


I, [2016-05-01T17:37:08.770030 #79067]  INFO -- : Started GET "/" for ::1 at 2016-05-01 17:37:08 -0500
I, [2016-05-01T17:37:08.778168 #79067]  INFO -- : Processing by PostsController#index as HTML
D, [2016-05-01T17:37:08.790978 #79067] DEBUG -- :   [1m[36mPost Load (0.3ms)[0m  [1mSELECT "posts".* FROM "posts"  ORDER BY created_at DESC[0m
I, [2016-05-01T17:37:08.792010 #79067]  INFO -- :   Rendered posts/index.html.erb within layouts/application (2.0ms)
I, [2016-05-01T17:37:08.792138 #79067]  INFO -- : Completed 500 Internal Server Error in 14ms (ActiveRecord: 0.3ms)
F, [2016-05-01T17:37:08.793175 #79067] FATAL -- : 
ActionView::Template::Error (SQLite3::SQLException: no such table: posts: SELECT "posts".* FROM "posts"  ORDER BY created_at DESC):
    1: <% @posts.each do |post| %>
    2: 
    3: <div class="post_wrapper">
    4:   <!-- Creates href on post.title and takes you to that posts page post/:id -->
  app/views/posts/index.html.erb:1:in `_app_views_posts_index_html_erb___242094775132725603_70187381725500'


I, [2016-05-01T17:39:10.419120 #79067]  INFO -- : Started GET "/" for ::1 at 2016-05-01 17:39:10 -0500
I, [2016-05-01T17:39:10.419746 #79067]  INFO -- : Processing by PostsController#index as HTML
D, [2016-05-01T17:39:10.420836 #79067] DEBUG -- :   [1m[35mPost Load (0.2ms)[0m  SELECT "posts".* FROM "posts"  ORDER BY created_at DESC
I, [2016-05-01T17:39:10.421696 #79067]  INFO -- :   Rendered posts/index.html.erb within layouts/application (1.3ms)
I, [2016-05-01T17:39:10.421794 #79067]  INFO -- : Completed 500 Internal Server Error in 2ms (ActiveRecord: 0.2ms)
F, [2016-05-01T17:39:10.422689 #79067] FATAL -- : 
ActionView::Template::Error (SQLite3::SQLException: no such table: posts: SELECT "posts".* FROM "posts"  ORDER BY created_at DESC):
    1: <% @posts.each do |post| %>
    2: 
    3: <div class="post_wrapper">
    4:   <!-- Creates href on post.title and takes you to that posts page post/:id -->
  app/views/posts/index.html.erb:1:in `_app_views_posts_index_html_erb___242094775132725603_70187381725500'


